<?xml version="1.0" encoding="UTF-8"?>
<!-- Generated by org.testng.reporters.JUnitReportReporter -->
<testsuite name="AMP.mobiles.AMP_Validation" tests="1" time="12.460" ignored="0" failures="0" timestamp="26 Feb 2019 07:49:17 GMT" skipped="0" hostname="ahtisham-HP-15-Notebook-PC" errors="0">
  <testcase name="Verify" time="12.460" classname="AMP.mobiles.AMP_Validation"/>
</testsuite> <!-- AMP.mobiles.AMP_Validation -->
